Arguments: 
  C:\Program Files\nodejs\node.exe C:\Users\andre\AppData\Roaming\npm\node_modules\yarn\bin\yarn.js add typescript:4.3.1

PATH: 
  C:\Program Files (x86)\NVIDIA Corporation\PhysX\Common;C:\Program Files\Docker\Docker\resources\bin;C:\Program Files (x86)\Common Files\Oracle\Java\javapath;C:\Program Files (x86)\Razer Chroma SDK\bin;C:\Program Files\Razer Chroma SDK\bin;C:\ProgramData\Oracle\Java\javapath;C:\Windows\System32;C:\Windows;C:\Windows\System32\wbem;C:\Windows\System32\WindowsPowerShell\v1.0\;C:\Program Files\Git\cmd;C:\Program Files\ffmpeg\bin;C:\Program Files\Gource\cmd;C:\Program Files (x86)\GtkSharp\2.12\bin;C:\Program Files\MySQL\MySQL Utilities 1.6\;C:\Windows\System32\config\systemprofile\AppData\Local\Microsoft\WindowsApps;C:\Windows\System32\OpenSSH\;C:\Program Files\Microsoft VS Code\bin;C:\Program Files\Electron\Rcedit;C:\Program Files\PuTTY\;C:\Program Files\CMake\bin;C:\Tools\haxe\;C:\Tools\neko;C:\Tools\hl-1.9.0-win;C:\Program Files\dotnet\;C:\Program Files (x86)\GnuPG\bin;C:\ProgramData\DockerDesktop\version-bin;C:\Program Files (x86)\sox-14-4-2;C:\Program Files\erl10.3\bin;C:\Program Files (x86)\Elixir\bin;C:\Users\andre\.mix\escripts;C:\Program Files\Java\jdk-10.0.1\bin;C:\WINDOWS\system32;C:\WINDOWS;C:\WINDOWS\System32\Wbem;C:\WINDOWS\System32\WindowsPowerShell\v1.0\;C:\WINDOWS\System32\OpenSSH\;C:\Program Files\nodejs\;C:\Users\andre\AppData\Local\Android\Sdk\platform-tools;C:\Program Files\Kubernetes\Minikube;C:\Program Files\Graphviz\bin;C:\Users\andre\.cargo\bin;C:\Users\andre\AppData\Local\Programs\Python\Python37-32\Scripts\;C:\Users\andre\AppData\Local\Programs\Python\Python37-32\;C:\Users\andre\.windows-build-tools\python27\;C:\Users\andre\AppData\Local\Microsoft\WindowsApps;C:\Program Files\Microsoft VS Code\bin;C:\deps\llvm\bin;C:\Program Files\heroku\bin;C:\Users\andre\AppData\Roaming\Dashlane\6.1903.0.16930\bin\Firefox_Extension\{442718d9-475e-452a-b3e1-fb1ee16b8e9f}\components;C:\Users\andre\AppData\Roaming\Dashlane\6.1903.0.16930\ucrt;C:\Users\andre\AppData\Roaming\Dashlane\6.1903.0.16930\bin\Qt;C:\Users\andre\AppData\Roaming\Dashlane\6.1903.0.16930\bin\Ssl;C:\Users\andre\AppData\Local\GitHubDesktop\bin;C:\deps\apache-maven-3.6.0\bin;C:\Tools\nginx-1.15.8;C:\Tools\ninja;C:\Program Files\LOVE;C:\Users\andre\AppData\Local\Programs\Python\Python37-32;C:\Users\andre\AppData\Local\hyper\app-3.0.2\resources\bin;C:\Users\andre\.windows-build-tools\python27\Scripts;C:\Tools\OpenSSL-Win64\bin;C:\Users\andre\AppData\Local\Microsoft\WindowsApps;C:\Program Files (x86)\Microsoft Visual Studio\2017\Community\VC\Tools\MSVC\14.16.27023\bin\Hostx64\x64;C:\Users\andre\AppData\Roaming\npm

Yarn version: 
  1.22.4

Node version: 
  14.16.1

Platform: 
  win32 x64

Trace: 
  Error: typescript:4.3.1: Invalid protocol: typescript:
      at Request.module.exports.Request.init (C:\Users\andre\AppData\Roaming\npm\node_modules\yarn\lib\cli.js:141017:31)
      at new Request (C:\Users\andre\AppData\Roaming\npm\node_modules\yarn\lib\cli.js:140690:8)
      at request (C:\Users\andre\AppData\Roaming\npm\node_modules\yarn\lib\cli.js:137596:10)
      at RequestManager.execute (C:\Users\andre\AppData\Roaming\npm\node_modules\yarn\lib\cli.js:67039:15)
      at RequestManager.shiftQueue (C:\Users\andre\AppData\Roaming\npm\node_modules\yarn\lib\cli.js:67077:10)
      at C:\Users\andre\AppData\Roaming\npm\node_modules\yarn\lib\cli.js:66746:13
      at new Promise (<anonymous>)
      at new F (C:\Users\andre\AppData\Roaming\npm\node_modules\yarn\lib\cli.js:5301:28)
      at RequestManager.request (C:\Users\andre\AppData\Roaming\npm\node_modules\yarn\lib\cli.js:66744:19)
      at NpmRegistry.<anonymous> (C:\Users\andre\AppData\Roaming\npm\node_modules\yarn\lib\cli.js:31704:42)

npm manifest: 
  {
    "name": "freestuff-bot",
    "version": "1.2.0",
    "description": "The official Discord Bot for FreeStuffBot.xyz",
    "main": "build/index.js",
    "scripts": {
      "start": "node --icu-data-dir=node_modules\\full-icu ./build/index.js",
      "build": "tsc",
      "lint": "eslint --ext .js,.vue --ignore-path .gitignore .",
      "dev": "tsc && node --icu-data-dir=node_modules\\full-icu --trace-warnings ./build/index.js",
      "test": "echo \"No test specified\" && exit 0"
    },
    "author": "FreeStuff Bot Team",
    "contributors": [
      "Maanex (https://maanex.me)",
      "Badosz (https://badosz.com)",
      "EasyThe (https://twitter.com/easythebg)"
    ],
    "license": "ISC",
    "dependencies": {
      "@sentry/node": "^5.22.3",
      "@types/express": "^4.17.11",
      "@types/node": "^12.12.54",
      "await-semaphore": "^0.1.3",
      "axios": "^0.21.1",
      "chalk": "^3.0.0",
      "cron": "^1.8.2",
      "discord.js": "^12.5.1",
      "dotenv": "^8.2.0",
      "eslint": "^7.18.0",
      "eslint-config-maanex": "^1.0.1",
      "eslint-plugin-nuxt": "^2.0.0",
      "express": "^4.17.1",
      "freestuff": "^1.6.2",
      "fs": "0.0.1-security",
      "full-icu": "^1.3.1",
      "git-last-commit": "^1.0.0",
      "mongodb": "^3.6.0",
      "prom-client": "^13.1.0",
      "redis": "^3.1.2",
      "reflect-metadata": "^0.1.13",
      "request": "^2.88.2",
      "socket.io-client": "^4.0.1",
      "ts-node": "^8.10.2",
      "typescript": "^3.9.7"
    },
    "devDependencies": {
      "@nuxtjs/eslint-config-typescript": "^6.0.0",
      "@types/axios": "^0.14.0",
      "@types/chalk": "^2.2.0",
      "@types/cron": "^1.7.2",
      "@types/dotenv": "^8.2.0",
      "@types/mongodb": "^3.5.26",
      "@types/redis": "^2.8.26"
    }
  }

yarn manifest: 
  No manifest

Lockfile: 
  No lockfile
